Release 14.7 - xst P.20131013 (nt64)
Copyright (c) 1995-2013 Xilinx, Inc.  All rights reserved.
--> Parameter TMPDIR set to xst/projnav.tmp


Total REAL time to Xst completion: 0.00 secs
Total CPU time to Xst completion: 0.13 secs
 
--> Parameter xsthdpdir set to xst


Total REAL time to Xst completion: 0.00 secs
Total CPU time to Xst completion: 0.13 secs
 
--> Reading design: cpu_16bit_top.prj

TABLE OF CONTENTS
  1) Synthesis Options Summary
  2) HDL Compilation
  3) Design Hierarchy Analysis
  4) HDL Analysis
  5) HDL Synthesis
     5.1) HDL Synthesis Report
  6) Advanced HDL Synthesis
     6.1) Advanced HDL Synthesis Report
  7) Low Level Synthesis
  8) Partition Report
  9) Final Report
	9.1) Device utilization summary
	9.2) Partition Resource Summary
	9.3) TIMING REPORT


=========================================================================
*                      Synthesis Options Summary                        *
=========================================================================
---- Source Parameters
Input File Name                    : "cpu_16bit_top.prj"
Input Format                       : mixed
Ignore Synthesis Constraint File   : NO

---- Target Parameters
Output File Name                   : "cpu_16bit_top"
Output Format                      : NGC
Target Device                      : xc3s1200e-5-fg320

---- Source Options
Top Module Name                    : cpu_16bit_top
Automatic FSM Extraction           : YES
FSM Encoding Algorithm             : Auto
Safe Implementation                : No
FSM Style                          : LUT
RAM Extraction                     : Yes
RAM Style                          : Auto
ROM Extraction                     : Yes
Mux Style                          : Auto
Decoder Extraction                 : YES
Priority Encoder Extraction        : Yes
Shift Register Extraction          : YES
Logical Shifter Extraction         : YES
XOR Collapsing                     : YES
ROM Style                          : Auto
Mux Extraction                     : Yes
Resource Sharing                   : YES
Asynchronous To Synchronous        : NO
Multiplier Style                   : Auto
Automatic Register Balancing       : No

---- Target Options
Add IO Buffers                     : YES
Global Maximum Fanout              : 100000
Add Generic Clock Buffer(BUFG)     : 24
Register Duplication               : YES
Slice Packing                      : YES
Optimize Instantiated Primitives   : NO
Use Clock Enable                   : Yes
Use Synchronous Set                : Yes
Use Synchronous Reset              : Yes
Pack IO Registers into IOBs        : Auto
Equivalent register Removal        : YES

---- General Options
Optimization Goal                  : Speed
Optimization Effort                : 1
Keep Hierarchy                     : No
Netlist Hierarchy                  : As_Optimized
RTL Output                         : Yes
Global Optimization                : AllClockNets
Read Cores                         : YES
Write Timing Constraints           : NO
Cross Clock Analysis               : NO
Hierarchy Separator                : /
Bus Delimiter                      : <>
Case Specifier                     : Maintain
Slice Utilization Ratio            : 100
BRAM Utilization Ratio             : 100
Verilog 2001                       : YES
Auto BRAM Packing                  : NO
Slice Utilization Ratio Delta      : 5

---- Other Options
Cores Search Directories           : {"Y:/Desktop/desptop/CPU_MIPS"  }

=========================================================================


=========================================================================
*                          HDL Compilation                              *
=========================================================================
Compiling vhdl file "//mac/home/Desktop/desptop/CPU_MIPS/alu_defination.vhd" in Library work.
Compiling vhdl file "//mac/home/Desktop/desptop/CPU_MIPS/components.vhd" in Library work.
Compiling vhdl file "//mac/home/Desktop/desptop/CPU_MIPS/Muxpc.vhd" in Library work.
Architecture behavioral of Entity muxpc is up to date.
Compiling vhdl file "//mac/home/Desktop/desptop/CPU_MIPS/pc.vhd" in Library work.
Architecture behavioral of Entity pc is up to date.
Compiling vhdl file "//mac/home/Desktop/desptop/CPU_MIPS/IFID_Reg.vhd" in Library work.
Architecture behavioral of Entity ifid_reg is up to date.
Compiling vhdl file "//mac/home/Desktop/desptop/CPU_MIPS/registers.vhd" in Library work.
Architecture behavioral of Entity registers is up to date.
Compiling vhdl file "//mac/home/Desktop/desptop/CPU_MIPS/ctrl_unit.vhd" in Library work.
Architecture behavioral of Entity ctrl_unit is up to date.
Compiling vhdl file "//mac/home/Desktop/desptop/CPU_MIPS/equal_unit.vhd" in Library work.
Architecture behavioral of Entity equal_unit is up to date.
Compiling vhdl file "//mac/home/Desktop/desptop/CPU_MIPS/IDEX_Reg.vhd" in Library work.
Architecture behavioral of Entity idex_reg is up to date.
Compiling vhdl file "//mac/home/Desktop/desptop/CPU_MIPS/Muxa.vhd" in Library work.
Architecture behavioral of Entity muxa is up to date.
Compiling vhdl file "//mac/home/Desktop/desptop/CPU_MIPS/Muxb.vhd" in Library work.
Architecture behavioral of Entity muxb is up to date.
Compiling vhdl file "//mac/home/Desktop/desptop/CPU_MIPS/EXMEM_Reg.vhd" in Library work.
Architecture behavioral of Entity exmem_reg is up to date.
Compiling vhdl file "//mac/home/Desktop/desptop/CPU_MIPS/MEMWB_Reg.vhd" in Library work.
Architecture behavioral of Entity memwb_reg is up to date.
Compiling vhdl file "//mac/home/Desktop/desptop/CPU_MIPS/bypass_unit.vhd" in Library work.
Architecture behavioral of Entity bypass_unit is up to date.
Compiling vhdl file "//mac/home/Desktop/desptop/CPU_MIPS/hazard_unit.vhd" in Library work.
Architecture behavioral of Entity hazard_unit is up to date.
Compiling vhdl file "//mac/home/Desktop/desptop/CPU_MIPS/memory.vhd" in Library work.
Entity <mymemory> compiled.
Entity <mymemory> (Architecture <behavioral>) compiled.
Compiling vhdl file "//mac/home/Desktop/desptop/CPU_MIPS/alu.vhd" in Library work.
Architecture behavioral of Entity alu is up to date.
Compiling vhdl file "//mac/home/Desktop/desptop/CPU_MIPS/Adder.vhd" in Library work.
Architecture behavioral of Entity adder is up to date.
Compiling vhdl file "//mac/home/Desktop/desptop/CPU_MIPS/cpu_16bit_top.vhd" in Library work.
Entity <cpu_16bit_top> compiled.
Entity <cpu_16bit_top> (Architecture <behavioral>) compiled.

=========================================================================
*                     Design Hierarchy Analysis                         *
=========================================================================
Analyzing hierarchy for entity <cpu_16bit_top> in library <work> (architecture <behavioral>).

Analyzing hierarchy for entity <Muxpc> in library <work> (architecture <behavioral>).

Analyzing hierarchy for entity <PC> in library <work> (architecture <behavioral>).

Analyzing hierarchy for entity <IFID_Reg> in library <work> (architecture <behavioral>).

Analyzing hierarchy for entity <registers> in library <work> (architecture <behavioral>).

Analyzing hierarchy for entity <ctrl_unit> in library <work> (architecture <behavioral>).

Analyzing hierarchy for entity <equal_unit> in library <work> (architecture <behavioral>).

Analyzing hierarchy for entity <IDEX_Reg> in library <work> (architecture <behavioral>).

Analyzing hierarchy for entity <Muxa> in library <work> (architecture <behavioral>).

Analyzing hierarchy for entity <Muxb> in library <work> (architecture <behavioral>).

Analyzing hierarchy for entity <EXMEM_Reg> in library <work> (architecture <behavioral>).

Analyzing hierarchy for entity <MEMWB_Reg> in library <work> (architecture <behavioral>).

Analyzing hierarchy for entity <bypass_unit> in library <work> (architecture <behavioral>).

Analyzing hierarchy for entity <hazard_unit> in library <work> (architecture <behavioral>).

Analyzing hierarchy for entity <mymemory> in library <work> (architecture <behavioral>).

Analyzing hierarchy for entity <ALU> in library <work> (architecture <behavioral>).

Analyzing hierarchy for entity <Adder> in library <work> (architecture <behavioral>).


=========================================================================
*                            HDL Analysis                               *
=========================================================================
Analyzing Entity <cpu_16bit_top> in library <work> (Architecture <behavioral>).
Entity <cpu_16bit_top> analyzed. Unit <cpu_16bit_top> generated.

Analyzing Entity <Muxpc> in library <work> (Architecture <behavioral>).
Entity <Muxpc> analyzed. Unit <Muxpc> generated.

Analyzing Entity <PC> in library <work> (Architecture <behavioral>).
Entity <PC> analyzed. Unit <PC> generated.

Analyzing Entity <IFID_Reg> in library <work> (Architecture <behavioral>).
Entity <IFID_Reg> analyzed. Unit <IFID_Reg> generated.

Analyzing Entity <registers> in library <work> (Architecture <behavioral>).
INFO:Xst:1561 - "//mac/home/Desktop/desptop/CPU_MIPS/registers.vhd" line 51: Mux is complete : default of case is discarded
INFO:Xst:1561 - "//mac/home/Desktop/desptop/CPU_MIPS/registers.vhd" line 75: Mux is complete : default of case is discarded
INFO:Xst:1561 - "//mac/home/Desktop/desptop/CPU_MIPS/registers.vhd" line 93: Mux is complete : default of case is discarded
Entity <registers> analyzed. Unit <registers> generated.

Analyzing Entity <ctrl_unit> in library <work> (Architecture <behavioral>).
Entity <ctrl_unit> analyzed. Unit <ctrl_unit> generated.

Analyzing Entity <equal_unit> in library <work> (Architecture <behavioral>).
WARNING:Xst:819 - "//mac/home/Desktop/desptop/CPU_MIPS/equal_unit.vhd" line 45: One or more signals are missing in the process sensitivity list. To enable synthesis of FPGA/CPLD hardware, XST will assume that all necessary signals are present in the sensitivity list. Please note that the result of the synthesis may differ from the initial design specification. The missing signals are:
   <rs_alu>, <rs_mem>
Entity <equal_unit> analyzed. Unit <equal_unit> generated.

Analyzing Entity <IDEX_Reg> in library <work> (Architecture <behavioral>).
Entity <IDEX_Reg> analyzed. Unit <IDEX_Reg> generated.

Analyzing Entity <Muxa> in library <work> (Architecture <behavioral>).
Entity <Muxa> analyzed. Unit <Muxa> generated.

Analyzing Entity <Muxb> in library <work> (Architecture <behavioral>).
Entity <Muxb> analyzed. Unit <Muxb> generated.

Analyzing Entity <EXMEM_Reg> in library <work> (Architecture <behavioral>).
Entity <EXMEM_Reg> analyzed. Unit <EXMEM_Reg> generated.

Analyzing Entity <MEMWB_Reg> in library <work> (Architecture <behavioral>).
Entity <MEMWB_Reg> analyzed. Unit <MEMWB_Reg> generated.

Analyzing Entity <bypass_unit> in library <work> (Architecture <behavioral>).
Entity <bypass_unit> analyzed. Unit <bypass_unit> generated.

Analyzing Entity <hazard_unit> in library <work> (Architecture <behavioral>).
Entity <hazard_unit> analyzed. Unit <hazard_unit> generated.

Analyzing Entity <mymemory> in library <work> (Architecture <behavioral>).
Entity <mymemory> analyzed. Unit <mymemory> generated.

Analyzing Entity <ALU> in library <work> (Architecture <behavioral>).
Entity <ALU> analyzed. Unit <ALU> generated.

Analyzing Entity <Adder> in library <work> (Architecture <behavioral>).
Entity <Adder> analyzed. Unit <Adder> generated.


=========================================================================
*                           HDL Synthesis                               *
=========================================================================

Performing bidirectional port resolution...

Synthesizing Unit <Muxpc>.
    Related source file is "//mac/home/Desktop/desptop/CPU_MIPS/Muxpc.vhd".
    Found 16-bit 4-to-1 multiplexer for signal <pc_out>.
    Summary:
	inferred  16 Multiplexer(s).
Unit <Muxpc> synthesized.


Synthesizing Unit <PC>.
    Related source file is "//mac/home/Desktop/desptop/CPU_MIPS/pc.vhd".
    Found 16-bit register for signal <PC_out>.
    Summary:
	inferred  16 D-type flip-flop(s).
Unit <PC> synthesized.


Synthesizing Unit <IFID_Reg>.
    Related source file is "//mac/home/Desktop/desptop/CPU_MIPS/IFID_Reg.vhd".
WARNING:Xst:647 - Input <rst> is never used. This port will be preserved and left unconnected if it belongs to a top-level block or it belongs to a sub-block and the hierarchy of this sub-block is preserved.
    Found 16-bit register for signal <PCNext_out>.
    Found 16-bit register for signal <Instruction_out>.
    Summary:
	inferred  32 D-type flip-flop(s).
Unit <IFID_Reg> synthesized.


Synthesizing Unit <registers>.
    Related source file is "//mac/home/Desktop/desptop/CPU_MIPS/registers.vhd".
WARNING:Xst:646 - Signal <reg_num> is assigned but never used. This unconnected signal will be trimmed during the optimization process.
    Found 16-bit 8-to-1 multiplexer for signal <outB>.
    Found 16-bit register for signal <IH>.
    Found 16-bit register for signal <R0>.
    Found 16-bit register for signal <R1>.
    Found 16-bit register for signal <R2>.
    Found 16-bit register for signal <R3>.
    Found 16-bit register for signal <R4>.
    Found 16-bit register for signal <R5>.
    Found 16-bit register for signal <R6>.
    Found 16-bit register for signal <R7>.
    Found 16-bit register for signal <RA>.
    Found 16-bit register for signal <SP>.
    Found 1-bit register for signal <T>.
    Summary:
	inferred 177 D-type flip-flop(s).
	inferred  16 Multiplexer(s).
Unit <registers> synthesized.


Synthesizing Unit <ctrl_unit>.
    Related source file is "//mac/home/Desktop/desptop/CPU_MIPS/ctrl_unit.vhd".
WARNING:Xst:737 - Found 4-bit latch for signal <rega>. Latches may be generated from incomplete case or if statements. We do not recommend the use of latches in FPGA/CPLD designs, as they may lead to timing problems.
INFO:Xst:2371 - HDL ADVISOR - Logic functions respectively driving the data and gate enable inputs of this latch share common terms. This situation will potentially lead to setup/hold violations and, as a result, to simulation problems. This situation may come from an incomplete case statement (all selector values are not covered). You should carefully review if it was in your intentions to describe such a latch.
WARNING:Xst:737 - Found 3-bit latch for signal <RegWrite>. Latches may be generated from incomplete case or if statements. We do not recommend the use of latches in FPGA/CPLD designs, as they may lead to timing problems.
INFO:Xst:2371 - HDL ADVISOR - Logic functions respectively driving the data and gate enable inputs of this latch share common terms. This situation will potentially lead to setup/hold violations and, as a result, to simulation problems. This situation may come from an incomplete case statement (all selector values are not covered). You should carefully review if it was in your intentions to describe such a latch.
WARNING:Xst:737 - Found 4-bit latch for signal <ALUOp>. Latches may be generated from incomplete case or if statements. We do not recommend the use of latches in FPGA/CPLD designs, as they may lead to timing problems.
INFO:Xst:2371 - HDL ADVISOR - Logic functions respectively driving the data and gate enable inputs of this latch share common terms. This situation will potentially lead to setup/hold violations and, as a result, to simulation problems. This situation may come from an incomplete case statement (all selector values are not covered). You should carefully review if it was in your intentions to describe such a latch.
WARNING:Xst:737 - Found 16-bit latch for signal <immediate>. Latches may be generated from incomplete case or if statements. We do not recommend the use of latches in FPGA/CPLD designs, as they may lead to timing problems.
INFO:Xst:2371 - HDL ADVISOR - Logic functions respectively driving the data and gate enable inputs of this latch share common terms. This situation will potentially lead to setup/hold violations and, as a result, to simulation problems. This situation may come from an incomplete case statement (all selector values are not covered). You should carefully review if it was in your intentions to describe such a latch.
WARNING:Xst:737 - Found 3-bit latch for signal <RegDist>. Latches may be generated from incomplete case or if statements. We do not recommend the use of latches in FPGA/CPLD designs, as they may lead to timing problems.
INFO:Xst:2371 - HDL ADVISOR - Logic functions respectively driving the data and gate enable inputs of this latch share common terms. This situation will potentially lead to setup/hold violations and, as a result, to simulation problems. This situation may come from an incomplete case statement (all selector values are not covered). You should carefully review if it was in your intentions to describe such a latch.
WARNING:Xst:737 - Found 1-bit latch for signal <ALUsrc>. Latches may be generated from incomplete case or if statements. We do not recommend the use of latches in FPGA/CPLD designs, as they may lead to timing problems.
INFO:Xst:2371 - HDL ADVISOR - Logic functions respectively driving the data and gate enable inputs of this latch share common terms. This situation will potentially lead to setup/hold violations and, as a result, to simulation problems. This situation may come from an incomplete case statement (all selector values are not covered). You should carefully review if it was in your intentions to describe such a latch.
Unit <ctrl_unit> synthesized.


Synthesizing Unit <equal_unit>.
    Related source file is "//mac/home/Desktop/desptop/CPU_MIPS/equal_unit.vhd".
    Found 4x2-bit ROM for signal <pc_src$mux0002> created at line 92.
    Found 3-bit comparator equal for signal <real_object_regData$cmp_eq0001> created at line 35.
    Found 3-bit comparator equal for signal <real_object_regData$cmp_eq0003> created at line 33.
    Summary:
	inferred   1 ROM(s).
	inferred   2 Comparator(s).
Unit <equal_unit> synthesized.


Synthesizing Unit <IDEX_Reg>.
    Related source file is "//mac/home/Desktop/desptop/CPU_MIPS/IDEX_Reg.vhd".
    Found 3-bit register for signal <out_RegDist>.
    Found 16-bit register for signal <out_rega>.
    Found 16-bit register for signal <out_regb>.
    Found 1-bit register for signal <out_ALUsrc>.
    Found 3-bit register for signal <out_RegWrite>.
    Found 1-bit register for signal <out_MemWrite>.
    Found 4-bit register for signal <out_ALUOp>.
    Found 1-bit register for signal <out_MemtoReg>.
    Found 16-bit register for signal <out_immediate>.
    Found 4-bit register for signal <out_rs>.
    Found 3-bit register for signal <out_rt>.
    Found 1-bit register for signal <out_MemRead>.
    Summary:
	inferred  69 D-type flip-flop(s).
Unit <IDEX_Reg> synthesized.


Synthesizing Unit <Muxa>.
    Related source file is "//mac/home/Desktop/desptop/CPU_MIPS/Muxa.vhd".
    Found 16-bit 4-to-1 multiplexer for signal <src_out>.
    Summary:
	inferred  16 Multiplexer(s).
Unit <Muxa> synthesized.


Synthesizing Unit <Muxb>.
    Related source file is "//mac/home/Desktop/desptop/CPU_MIPS/Muxb.vhd".
    Found 16-bit 4-to-1 multiplexer for signal <reg_out>.
    Summary:
	inferred  16 Multiplexer(s).
Unit <Muxb> synthesized.


Synthesizing Unit <EXMEM_Reg>.
    Related source file is "//mac/home/Desktop/desptop/CPU_MIPS/EXMEM_Reg.vhd".
WARNING:Xst:647 - Input <rst> is never used. This port will be preserved and left unconnected if it belongs to a top-level block or it belongs to a sub-block and the hierarchy of this sub-block is preserved.
    Found 3-bit register for signal <out_RegDist>.
    Found 3-bit register for signal <out_RegWrite>.
    Found 1-bit register for signal <out_MemWrite>.
    Found 1-bit register for signal <out_MemtoReg>.
    Found 1-bit register for signal <out_MemRead>.
    Found 16-bit register for signal <out_alu_data>.
    Found 16-bit register for signal <out_regdata>.
    Summary:
	inferred  41 D-type flip-flop(s).
Unit <EXMEM_Reg> synthesized.


Synthesizing Unit <MEMWB_Reg>.
    Related source file is "//mac/home/Desktop/desptop/CPU_MIPS/MEMWB_Reg.vhd".
WARNING:Xst:647 - Input <rst> is never used. This port will be preserved and left unconnected if it belongs to a top-level block or it belongs to a sub-block and the hierarchy of this sub-block is preserved.
    Found 3-bit register for signal <out_RegDist>.
    Found 3-bit register for signal <out_RegWrite>.
    Found 16-bit register for signal <out_memdata>.
    Found 16-bit register for signal <out_data>.
    Summary:
	inferred  38 D-type flip-flop(s).
Unit <MEMWB_Reg> synthesized.


Synthesizing Unit <bypass_unit>.
    Related source file is "//mac/home/Desktop/desptop/CPU_MIPS/bypass_unit.vhd".
WARNING:Xst:647 - Input <alusrc> is never used. This port will be preserved and left unconnected if it belongs to a top-level block or it belongs to a sub-block and the hierarchy of this sub-block is preserved.
    Found 3-bit comparator equal for signal <forwarda$cmp_eq0001> created at line 23.
    Found 3-bit comparator equal for signal <forwarda$cmp_eq0005> created at line 24.
    Found 3-bit comparator equal for signal <forwardb$cmp_eq0000> created at line 33.
    Found 3-bit comparator equal for signal <forwardb$cmp_eq0001> created at line 34.
    Summary:
	inferred   4 Comparator(s).
Unit <bypass_unit> synthesized.


Synthesizing Unit <hazard_unit>.
    Related source file is "//mac/home/Desktop/desptop/CPU_MIPS/hazard_unit.vhd".
    Found 3-bit comparator equal for signal <pc_write$cmp_eq0000> created at line 23.
    Found 3-bit comparator equal for signal <pc_write$cmp_eq0001> created at line 26.
    Summary:
	inferred   2 Comparator(s).
Unit <hazard_unit> synthesized.


Synthesizing Unit <mymemory>.
    Related source file is "//mac/home/Desktop/desptop/CPU_MIPS/memory.vhd".
    Found 16-bit tristate buffer for signal <data_1>.
    Found 16-bit tristate buffer for signal <data_2>.
    Summary:
	inferred  32 Tristate(s).
Unit <mymemory> synthesized.


Synthesizing Unit <ALU>.
    Related source file is "//mac/home/Desktop/desptop/CPU_MIPS/alu.vhd".
    Found 16-bit addsub for signal <fout$addsub0000>.
    Found 16-bit comparator equal for signal <fout$cmp_eq0012> created at line 32.
    Found 16-bit comparator greatequal for signal <fout$cmp_ge0000> created at line 40.
    Found 16-bit shifter rotate left for signal <fout$shift0007> created at line 30.
    Found 16-bit shifter logical left for signal <fout$shift0008> created at line 27.
    Found 16-bit shifter logical right for signal <fout$shift0009> created at line 28.
    Found 16-bit shifter arithmetic right for signal <fout$shift0010> created at line 29.
    Found 16-bit xor2 for signal <fout$xor0000> created at line 25.
    Summary:
	inferred   1 Adder/Subtractor(s).
	inferred   2 Comparator(s).
	inferred   4 Combinational logic shifter(s).
Unit <ALU> synthesized.


Synthesizing Unit <Adder>.
    Related source file is "//mac/home/Desktop/desptop/CPU_MIPS/Adder.vhd".
    Found 16-bit adder for signal <res>.
    Summary:
	inferred   1 Adder/Subtractor(s).
Unit <Adder> synthesized.


Synthesizing Unit <cpu_16bit_top>.
    Related source file is "//mac/home/Desktop/desptop/CPU_MIPS/cpu_16bit_top.vhd".
WARNING:Xst:647 - Input <clk> is never used. This port will be preserved and left unconnected if it belongs to a top-level block or it belongs to a sub-block and the hierarchy of this sub-block is preserved.
WARNING:Xst:647 - Input <clk50> is never used. This port will be preserved and left unconnected if it belongs to a top-level block or it belongs to a sub-block and the hierarchy of this sub-block is preserved.
WARNING:Xst:647 - Input <sw> is never used. This port will be preserved and left unconnected if it belongs to a top-level block or it belongs to a sub-block and the hierarchy of this sub-block is preserved.
WARNING:Xst:1780 - Signal <temp2> is never used or assigned. This unconnected signal will be trimmed during the optimization process.
WARNING:Xst:1780 - Signal <temp1> is never used or assigned. This unconnected signal will be trimmed during the optimization process.
WARNING:Xst:1780 - Signal <clk1M> is never used or assigned. This unconnected signal will be trimmed during the optimization process.
WARNING:Xst:646 - Signal <MeMWB_Memdata> is assigned but never used. This unconnected signal will be trimmed during the optimization process.
WARNING:Xst:1780 - Signal <MEMWB_MemtoReg> is never used or assigned. This unconnected signal will be trimmed during the optimization process.
WARNING:Xst:1780 - Signal <HD_IFFlush> is never used or assigned. This unconnected signal will be trimmed during the optimization process.
    Found 1-bit register for signal <clk10>.
    Found 30-bit up counter for signal <count10>.
    Summary:
	inferred   1 Counter(s).
	inferred   1 D-type flip-flop(s).
Unit <cpu_16bit_top> synthesized.

INFO:Xst:1767 - HDL ADVISOR - Resource sharing has identified that some arithmetic operations in this design can share the same physical resources for reduced device utilization. For improved clock frequency you may try to disable resource sharing.

=========================================================================
HDL Synthesis Report

Macro Statistics
# ROMs                                                 : 1
 4x2-bit ROM                                           : 1
# Adders/Subtractors                                   : 3
 16-bit adder                                          : 2
 16-bit addsub                                         : 1
# Counters                                             : 1
 30-bit up counter                                     : 1
# Registers                                            : 39
 1-bit register                                        : 9
 16-bit register                                       : 21
 3-bit register                                        : 7
 4-bit register                                        : 2
# Latches                                              : 6
 1-bit latch                                           : 1
 16-bit latch                                          : 1
 3-bit latch                                           : 2
 4-bit latch                                           : 2
# Comparators                                          : 10
 16-bit comparator equal                               : 1
 16-bit comparator greatequal                          : 1
 3-bit comparator equal                                : 8
# Multiplexers                                         : 4
 16-bit 4-to-1 multiplexer                             : 3
 16-bit 8-to-1 multiplexer                             : 1
# Logic shifters                                       : 4
 16-bit shifter arithmetic right                       : 1
 16-bit shifter logical left                           : 1
 16-bit shifter logical right                          : 1
 16-bit shifter rotate left                            : 1
# Tristates                                            : 2
 16-bit tristate buffer                                : 2
# Xors                                                 : 1
 16-bit xor2                                           : 1

=========================================================================

=========================================================================
*                       Advanced HDL Synthesis                          *
=========================================================================


=========================================================================
Advanced HDL Synthesis Report

Macro Statistics
# ROMs                                                 : 1
 4x2-bit ROM                                           : 1
# Adders/Subtractors                                   : 3
 16-bit adder                                          : 2
 16-bit addsub                                         : 1
# Counters                                             : 1
 30-bit up counter                                     : 1
# Registers                                            : 374
 Flip-Flops                                            : 374
# Latches                                              : 6
 1-bit latch                                           : 1
 16-bit latch                                          : 1
 3-bit latch                                           : 2
 4-bit latch                                           : 2
# Comparators                                          : 10
 16-bit comparator equal                               : 1
 16-bit comparator greatequal                          : 1
 3-bit comparator equal                                : 8
# Multiplexers                                         : 19
 1-bit 8-to-1 multiplexer                              : 16
 16-bit 4-to-1 multiplexer                             : 3
# Logic shifters                                       : 4
 16-bit shifter arithmetic right                       : 1
 16-bit shifter logical left                           : 1
 16-bit shifter logical right                          : 1
 16-bit shifter rotate left                            : 1
# Xors                                                 : 1
 16-bit xor2                                           : 1

=========================================================================

=========================================================================
*                         Low Level Synthesis                           *
=========================================================================
WARNING:Xst:2170 - Unit ALU : the following signal(s) form a combinatorial loop: fout_shift0006<15>.

Optimizing unit <cpu_16bit_top> ...

Optimizing unit <PC> ...

Optimizing unit <IFID_Reg> ...

Optimizing unit <registers> ...

Optimizing unit <equal_unit> ...

Optimizing unit <IDEX_Reg> ...

Optimizing unit <EXMEM_Reg> ...

Optimizing unit <MEMWB_Reg> ...

Optimizing unit <ALU> ...

Optimizing unit <ctrl_unit> ...
WARNING:Xst:2677 - Node <u13/out_memdata_15> of sequential type is unconnected in block <cpu_16bit_top>.
WARNING:Xst:2677 - Node <u13/out_memdata_14> of sequential type is unconnected in block <cpu_16bit_top>.
WARNING:Xst:2677 - Node <u13/out_memdata_13> of sequential type is unconnected in block <cpu_16bit_top>.
WARNING:Xst:2677 - Node <u13/out_memdata_12> of sequential type is unconnected in block <cpu_16bit_top>.
WARNING:Xst:2677 - Node <u13/out_memdata_11> of sequential type is unconnected in block <cpu_16bit_top>.
WARNING:Xst:2677 - Node <u13/out_memdata_10> of sequential type is unconnected in block <cpu_16bit_top>.
WARNING:Xst:2677 - Node <u13/out_memdata_9> of sequential type is unconnected in block <cpu_16bit_top>.
WARNING:Xst:2677 - Node <u13/out_memdata_8> of sequential type is unconnected in block <cpu_16bit_top>.
WARNING:Xst:2677 - Node <u13/out_memdata_7> of sequential type is unconnected in block <cpu_16bit_top>.
WARNING:Xst:2677 - Node <u13/out_memdata_6> of sequential type is unconnected in block <cpu_16bit_top>.
WARNING:Xst:2677 - Node <u13/out_memdata_5> of sequential type is unconnected in block <cpu_16bit_top>.
WARNING:Xst:2677 - Node <u13/out_memdata_4> of sequential type is unconnected in block <cpu_16bit_top>.
WARNING:Xst:2677 - Node <u13/out_memdata_3> of sequential type is unconnected in block <cpu_16bit_top>.
WARNING:Xst:2677 - Node <u13/out_memdata_2> of sequential type is unconnected in block <cpu_16bit_top>.
WARNING:Xst:2677 - Node <u13/out_memdata_1> of sequential type is unconnected in block <cpu_16bit_top>.
WARNING:Xst:2677 - Node <u13/out_memdata_0> of sequential type is unconnected in block <cpu_16bit_top>.

Mapping all equations...
Building and optimizing final netlist ...
INFO:Xst:2261 - The FF/Latch <u6/out_MemtoReg> in Unit <cpu_16bit_top> is equivalent to the following FF/Latch, which will be removed : <u6/out_MemRead> 
INFO:Xst:2261 - The FF/Latch <u9/out_MemtoReg> in Unit <cpu_16bit_top> is equivalent to the following FF/Latch, which will be removed : <u9/out_MemRead> 
Found area constraint ratio of 100 (+ 5) on block cpu_16bit_top, actual ratio is 8.
FlipFlop u13/out_RegDist_0 has been replicated 1 time(s)
FlipFlop u13/out_RegWrite_2 has been replicated 1 time(s)
FlipFlop u6/out_rt_1 has been replicated 1 time(s)

Final Macro Processing ...

=========================================================================
Final Register Report

Macro Statistics
# Registers                                            : 389
 Flip-Flops                                            : 389

=========================================================================

=========================================================================
*                           Partition Report                            *
=========================================================================

Partition Implementation Status
-------------------------------

  No Partitions were found in this design.

-------------------------------

=========================================================================
*                            Final Report                               *
=========================================================================
Final Results
RTL Top Level Output File Name     : cpu_16bit_top.ngr
Top Level Output File Name         : cpu_16bit_top
Output Format                      : NGC
Optimization Goal                  : Speed
Keep Hierarchy                     : No

Design Statistics
# IOs                              : 129

Cell Usage :
# BELS                             : 1592
#      GND                         : 1
#      INV                         : 4
#      LUT1                        : 44
#      LUT2                        : 41
#      LUT2_D                      : 8
#      LUT2_L                      : 15
#      LUT3                        : 279
#      LUT3_D                      : 14
#      LUT3_L                      : 14
#      LUT4                        : 687
#      LUT4_D                      : 52
#      LUT4_L                      : 89
#      MUXCY                       : 106
#      MUXF5                       : 143
#      MUXF6                       : 16
#      VCC                         : 1
#      XORCY                       : 78
# FlipFlops/Latches                : 420
#      FD                          : 64
#      FDC                         : 65
#      FDCE                        : 16
#      FDE                         : 194
#      FDP                         : 4
#      FDR                         : 30
#      FDRE                        : 15
#      FDSE                        : 1
#      LD                          : 31
# Clock Buffers                    : 2
#      BUFG                        : 1
#      BUFGP                       : 1
# IO Buffers                       : 110
#      IBUF                        : 4
#      IOBUF                       : 32
#      OBUF                        : 74
=========================================================================

Device utilization summary:
---------------------------

Selected Device : 3s1200efg320-5 

 Number of Slices:                      655  out of   8672     7%  
 Number of Slice Flip Flops:            420  out of  17344     2%  
 Number of 4 input LUTs:               1247  out of  17344     7%  
 Number of IOs:                         129
 Number of bonded IOBs:                 111  out of    250    44%  
 Number of GCLKs:                         2  out of     24     8%  

---------------------------
Partition Resource Summary:
---------------------------

  No Partitions were found in this design.

---------------------------


=========================================================================
TIMING REPORT

NOTE: THESE TIMING NUMBERS ARE ONLY A SYNTHESIS ESTIMATE.
      FOR ACCURATE TIMING INFORMATION PLEASE REFER TO THE TRACE REPORT
      GENERATED AFTER PLACE-and-ROUTE.

Clock Information:
------------------
---------------------------------------------+-------------------------+-------+
Clock Signal                                 | Clock buffer(FF name)   | Load  |
---------------------------------------------+-------------------------+-------+
clk11                                        | BUFGP                   | 31    |
clk101                                       | BUFG                    | 358   |
u5/immediate_not0001(u5/immediate_not00011:O)| NONE(*)(u5/immediate_15)| 17    |
u5/rega_not0001(u5/rega_not000138:O)         | NONE(*)(u5/rega_3)      | 10    |
u5/ALUOp_not0001(u5/ALUOp_not000158:O)       | NONE(*)(u5/ALUOp_3)     | 4     |
---------------------------------------------+-------------------------+-------+
(*) These 3 clock signal(s) are generated by combinatorial logic,
and XST is not able to identify which are the primary clock signals.
Please use the CLOCK_SIGNAL constraint to specify the clock signal(s) generated by combinatorial logic.
INFO:Xst:2169 - HDL ADVISOR - Some clock signals were not automatically buffered by XST with BUFG/BUFR resources. Please use the buffer_type constraint in order to insert these buffers to the clock signals to help prevent skew problems.

Asynchronous Control Signals Information:
----------------------------------------
-----------------------------------+------------------------+-------+
Control Signal                     | Buffer(FF name)        | Load  |
-----------------------------------+------------------------+-------+
HD_Ctrl_Flush(u10/ctrl_clear1:O)   | NONE(u6/out_ALUOp_0)   | 69    |
u2/rst_inv(u2/rst_inv1_INV_0:O)    | NONE(u2/PC_out_0)      | 16    |
-----------------------------------+------------------------+-------+

Timing Summary:
---------------
Speed Grade: -5

   Minimum period: 18.779ns (Maximum Frequency: 53.252MHz)
   Minimum input arrival time before clock: 12.244ns
   Maximum output required time after clock: 9.589ns
   Maximum combinational path delay: 5.670ns

Timing Detail:
--------------
All values displayed in nanoseconds (ns)

=========================================================================
Timing constraint: Default period analysis for Clock 'clk11'
  Clock period: 4.527ns (frequency: 220.894MHz)
  Total number of paths / destination ports: 1396 / 62
-------------------------------------------------------------------------
Delay:               4.527ns (Levels of Logic = 9)
  Source:            count10_7 (FF)
  Destination:       count10_0 (FF)
  Source Clock:      clk11 rising
  Destination Clock: clk11 rising

  Data Path: count10_7 to count10_0
                                Gate     Net
    Cell:in->out      fanout   Delay   Delay  Logical Name (Net Name)
    ----------------------------------------  ------------
     FDR:C->Q              2   0.514   0.532  count10_7 (count10_7)
     LUT2:I0->O            1   0.612   0.000  count10_cmp_eq0000_wg_lut<0> (count10_cmp_eq0000_wg_lut<0>)
     MUXCY:S->O            1   0.404   0.000  count10_cmp_eq0000_wg_cy<0> (count10_cmp_eq0000_wg_cy<0>)
     MUXCY:CI->O           1   0.052   0.000  count10_cmp_eq0000_wg_cy<1> (count10_cmp_eq0000_wg_cy<1>)
     MUXCY:CI->O           1   0.052   0.000  count10_cmp_eq0000_wg_cy<2> (count10_cmp_eq0000_wg_cy<2>)
     MUXCY:CI->O           1   0.052   0.000  count10_cmp_eq0000_wg_cy<3> (count10_cmp_eq0000_wg_cy<3>)
     MUXCY:CI->O           1   0.052   0.000  count10_cmp_eq0000_wg_cy<4> (count10_cmp_eq0000_wg_cy<4>)
     MUXCY:CI->O           1   0.052   0.000  count10_cmp_eq0000_wg_cy<5> (count10_cmp_eq0000_wg_cy<5>)
     MUXCY:CI->O           1   0.052   0.000  count10_cmp_eq0000_wg_cy<6> (count10_cmp_eq0000_wg_cy<6>)
     MUXCY:CI->O          31   0.289   1.073  count10_cmp_eq0000_wg_cy<7> (count10_cmp_eq0000)
     FDR:R                     0.795          count10_0
    ----------------------------------------
    Total                      4.527ns (2.923ns logic, 1.605ns route)
                                       (64.6% logic, 35.4% route)

=========================================================================
Timing constraint: Default period analysis for Clock 'clk101'
  Clock period: 18.779ns (frequency: 53.252MHz)
  Total number of paths / destination ports: 7326516 / 552
-------------------------------------------------------------------------
Delay:               18.779ns (Levels of Logic = 16)
  Source:            u6/out_rt_0 (FF)
  Destination:       u2/PC_out_15 (FF)
  Source Clock:      clk101 rising
  Destination Clock: clk101 rising

  Data Path: u6/out_rt_0 to u2/PC_out_15
                                Gate     Net
    Cell:in->out      fanout   Delay   Delay  Logical Name (Net Name)
    ----------------------------------------  ------------
     FDC:C->Q             19   0.514   0.925  u6/out_rt_0 (u6/out_rt_0)
     LUT4:I3->O            3   0.612   0.454  u14/forwardb_and000055_SW0 (N309)
     LUT4_D:I3->O         10   0.612   0.753  u14/forwardb_and000055_1 (u14/forwardb_and000055)
     LUT4:I3->O            1   0.612   0.387  u8/src_out<12>16 (u8/src_out<12>16)
     LUT4:I2->O            6   0.612   0.721  u8/src_out<12>39 (EX_Muxb_oprandB<12>)
     LUT3:I0->O            4   0.612   0.529  u15/fout_or000424_SW0 (N353)
     LUT4_D:I2->LO         1   0.612   0.252  u15/fout_or000424_1 (N1099)
     LUT3_D:I0->O         16   0.612   0.882  u15/fout_shift0006<15>1 (u15/fout_shift0006<15>)
     LUT4_L:I3->LO         1   0.612   0.103  u15/fout<7>120_SW0 (N529)
     LUT4:I3->O            1   0.612   0.360  u15/fout<2>24_SW0 (N512)
     LUT4:I3->O            3   0.612   0.481  u15/fout<7>192 (EX_ALU_res<7>)
     LUT4:I2->O            1   0.612   0.360  u12/pc_src_cmp_eq0002269_SW0 (N311)
     LUT4:I3->O            1   0.612   0.360  u12/pc_src_cmp_eq0002269 (u12/pc_src_cmp_eq0002269)
     LUT4_D:I3->O          2   0.612   0.383  u12/pc_src_cmp_eq0002347 (u12/pc_src_cmp_eq0002)
     LUT4_D:I3->O         15   0.612   0.867  u12/pc_src<0>130 (ED_pcsrc<0>)
     LUT4:I3->O            1   0.612   0.387  u1/Mmux_pc_out3031 (u1/Mmux_pc_out3031)
     LUT4:I2->O            1   0.612   0.000  u1/Mmux_pc_out3080 (IF_Mux_addr<3>)
     FDCE:D                    0.268          u2/PC_out_3
    ----------------------------------------
    Total                     18.779ns (10.574ns logic, 8.205ns route)
                                       (56.3% logic, 43.7% route)

=========================================================================
Timing constraint: Default OFFSET IN BEFORE for Clock 'clk101'
  Total number of paths / destination ports: 912 / 48
-------------------------------------------------------------------------
Offset:              12.244ns (Levels of Logic = 11)
  Source:            data_1<12> (PAD)
  Destination:       u2/PC_out_15 (FF)
  Destination Clock: clk101 rising

  Data Path: data_1<12> to u2/PC_out_15
                                Gate     Net
    Cell:in->out      fanout   Delay   Delay  Logical Name (Net Name)
    ----------------------------------------  ------------
     IOBUF:IO->O           1   1.106   0.387  data_1_12_IOBUF (N248)
     LUT3:I2->O            3   0.612   0.520  u13/out_data_mux0001<12>1 (memdata_to_equal_unit<12>)
     LUT4:I1->O            1   0.612   0.509  u12/pc_src_cmp_eq000218 (u12/pc_src_cmp_eq000218)
     LUT4:I0->O            1   0.612   0.426  u12/pc_src_cmp_eq000223_SW0 (N845)
     LUT4_L:I1->LO         1   0.612   0.252  u12/pc_src_cmp_eq000223 (u12/pc_src_cmp_eq000223)
     LUT4:I0->O            1   0.612   0.509  u12/pc_src_cmp_eq0002231_SW0 (N783)
     LUT4:I0->O            1   0.612   0.509  u12/pc_src_cmp_eq0002231 (u12/pc_src_cmp_eq0002231)
     LUT4_D:I0->O          2   0.612   0.383  u12/pc_src_cmp_eq0002347 (u12/pc_src_cmp_eq0002)
     LUT4_D:I3->O         15   0.612   0.867  u12/pc_src<0>130 (ED_pcsrc<0>)
     LUT4:I3->O            1   0.612   0.387  u1/Mmux_pc_out3031 (u1/Mmux_pc_out3031)
     LUT4:I2->O            1   0.612   0.000  u1/Mmux_pc_out3080 (IF_Mux_addr<3>)
     FDCE:D                    0.268          u2/PC_out_3
    ----------------------------------------
    Total                     12.244ns (7.494ns logic, 4.750ns route)
                                       (61.2% logic, 38.8% route)

=========================================================================
Timing constraint: Default OFFSET OUT AFTER for Clock 'clk101'
  Total number of paths / destination ports: 844 / 71
-------------------------------------------------------------------------
Offset:              9.589ns (Levels of Logic = 5)
  Source:            u9/out_alu_data_15 (FF)
  Destination:       data_1<1> (PAD)
  Source Clock:      clk101 rising

  Data Path: u9/out_alu_data_15 to data_1<1>
                                Gate     Net
    Cell:in->out      fanout   Delay   Delay  Logical Name (Net Name)
    ----------------------------------------  ------------
     FD:C->Q              52   0.514   1.108  u9/out_alu_data_15 (u9/out_alu_data_15)
     LUT4:I2->O            1   0.612   0.509  memory0/data_1_cmp_eq000017 (memory0/data_1_cmp_eq000017)
     LUT4:I0->O           19   0.612   0.952  memory0/data_1_cmp_eq0000158 (memory0/en_1_and0000)
     LUT3:I2->O            2   0.612   0.532  memory0/data_1_mux0001<0>11 (N5)
     LUT3:I0->O            1   0.612   0.357  memory0/data_1_mux0001<1>1 (data_1_1_IOBUF)
     IOBUF:I->IO               3.169          data_1_1_IOBUF (data_1<1>)
    ----------------------------------------
    Total                      9.589ns (6.131ns logic, 3.458ns route)
                                       (63.9% logic, 36.1% route)

=========================================================================
Timing constraint: Default OFFSET OUT AFTER for Clock 'clk11'
  Total number of paths / destination ports: 7 / 7
-------------------------------------------------------------------------
Offset:              5.657ns (Levels of Logic = 3)
  Source:            clk10 (FF)
  Destination:       wrn (PAD)
  Source Clock:      clk11 rising

  Data Path: clk10 to wrn
                                Gate     Net
    Cell:in->out      fanout   Delay   Delay  Logical Name (Net Name)
    ----------------------------------------  ------------
     FDE:C->Q              9   0.514   0.727  clk10 (clk101)
     LUT4:I2->O            1   0.612   0.000  memory0/wrn1 (memory0/wrn)
     MUXF5:I1->O           1   0.278   0.357  memory0/wrn_f5 (wrn_OBUF)
     OBUF:I->O                 3.169          wrn_OBUF (wrn)
    ----------------------------------------
    Total                      5.657ns (4.573ns logic, 1.084ns route)
                                       (80.8% logic, 19.2% route)

=========================================================================
Timing constraint: Default path analysis
  Total number of paths / destination ports: 3 / 2
-------------------------------------------------------------------------
Delay:               5.670ns (Levels of Logic = 3)
  Source:            tbre (PAD)
  Destination:       data_1<0> (PAD)

  Data Path: tbre to data_1<0>
                                Gate     Net
    Cell:in->out      fanout   Delay   Delay  Logical Name (Net Name)
    ----------------------------------------  ------------
     IBUF:I->O             1   1.106   0.426  tbre_IBUF (tbre_IBUF)
     LUT4:I1->O            1   0.612   0.357  memory0/data_1_mux0001<0>2 (data_1_0_IOBUF)
     IOBUF:I->IO               3.169          data_1_0_IOBUF (data_1<0>)
    ----------------------------------------
    Total                      5.670ns (4.887ns logic, 0.783ns route)
                                       (86.2% logic, 13.8% route)

=========================================================================


Total REAL time to Xst completion: 20.00 secs
Total CPU time to Xst completion: 20.76 secs
 
--> 

Total memory usage is 302320 kilobytes

Number of errors   :    0 (   0 filtered)
Number of warnings :   38 (   0 filtered)
Number of infos    :   13 (   0 filtered)

