Release 14.7 - ngc2edif P.20131013 (nt64)
Copyright (c) 1995-2013 Xilinx, Inc.  All rights reserved.
Reading design cpu_16bit_top.ngc ...
WARNING:NetListWriters:298 - No output is written to cpu_16bit_top.xncf,
   ignored.
Processing design ...
   Preping design's networks ...
   Preping design's macros ...
  finished :Prep
Writing EDIF netlist file cpu_16bit_top.edif ...
ngc2edif: Total memory usage is 82100 kilobytes

Release 14.7 - ngc2edif P.20131013 (nt64)
Copyright (c) 1995-2013 Xilinx, Inc.  All rights reserved.
Reading design cpu_16bit_top.ngc ...
WARNING:NetListWriters:298 - No output is written to cpu_16bit_top.xncf,
   ignored.
Processing design ...
   Preping design's networks ...
   Preping design's macros ...
  finished :Prep
Writing EDIF netlist file cpu_16bit_top.edif ...
ngc2edif: Total memory usage is 83124 kilobytes

Release 14.7 - ngc2edif P.20131013 (nt64)
Copyright (c) 1995-2013 Xilinx, Inc.  All rights reserved.
Reading design cpu_16bit_top.ngc ...
WARNING:NetListWriters:298 - No output is written to cpu_16bit_top.xncf,
   ignored.
Processing design ...
   Preping design's networks ...
   Preping design's macros ...
  finished :Prep
Writing EDIF netlist file cpu_16bit_top.edif ...
ngc2edif: Total memory usage is 81908 kilobytes

Release 14.7 - ngc2edif P.20131013 (nt64)
Copyright (c) 1995-2013 Xilinx, Inc.  All rights reserved.
Reading design cpu_16bit_top.ngc ...
WARNING:NetListWriters:298 - No output is written to cpu_16bit_top.xncf,
   ignored.
Processing design ...
   Preping design's networks ...
   Preping design's macros ...
  finished :Prep
Writing EDIF netlist file cpu_16bit_top.edif ...
ngc2edif: Total memory usage is 82100 kilobytes

Release 14.7 - ngc2edif P.20131013 (nt64)
Copyright (c) 1995-2013 Xilinx, Inc.  All rights reserved.
Reading design cpu_16bit_top.ngc ...
WARNING:NetListWriters:298 - No output is written to cpu_16bit_top.xncf,
   ignored.
Processing design ...
   Preping design's networks ...
   Preping design's macros ...
  finished :Prep
Writing EDIF netlist file cpu_16bit_top.edif ...
ngc2edif: Total memory usage is 85556 kilobytes

Release 14.7 - ngc2edif P.20131013 (nt64)
Copyright (c) 1995-2013 Xilinx, Inc.  All rights reserved.
Reading design cpu_16bit_top.ngc ...
WARNING:NetListWriters:298 - No output is written to cpu_16bit_top.xncf,
   ignored.
Processing design ...
   Preping design's networks ...
   Preping design's macros ...
  finished :Prep
Writing EDIF netlist file cpu_16bit_top.edif ...
ngc2edif: Total memory usage is 85172 kilobytes

Release 14.7 - ngc2edif P.20131013 (nt64)
Copyright (c) 1995-2013 Xilinx, Inc.  All rights reserved.
Reading design cpu_16bit_top.ngc ...
WARNING:NetListWriters:298 - No output is written to cpu_16bit_top.xncf,
   ignored.
Processing design ...
   Preping design's networks ...
   Preping design's macros ...
  finished :Prep
Writing EDIF netlist file cpu_16bit_top.edif ...
ngc2edif: Total memory usage is 85748 kilobytes

Release 14.7 - ngc2edif P.20131013 (nt64)
Copyright (c) 1995-2013 Xilinx, Inc.  All rights reserved.
Reading design cpu_16bit_top.ngc ...
WARNING:NetListWriters:298 - No output is written to cpu_16bit_top.xncf,
   ignored.
Processing design ...
   Preping design's networks ...
   Preping design's macros ...
  finished :Prep
Writing EDIF netlist file cpu_16bit_top.edif ...
ngc2edif: Total memory usage is 81320 kilobytes

Release 14.7 - ngc2edif P.20131013 (nt64)
Copyright (c) 1995-2013 Xilinx, Inc.  All rights reserved.
Reading design cpu_16bit_top.ngc ...
WARNING:NetListWriters:298 - No output is written to cpu_16bit_top.xncf,
   ignored.
Processing design ...
   Preping design's networks ...
   Preping design's macros ...
  finished :Prep
Writing EDIF netlist file cpu_16bit_top.edif ...
ngc2edif: Total memory usage is 81704 kilobytes

Release 14.7 - ngc2edif P.20131013 (nt64)
Copyright (c) 1995-2013 Xilinx, Inc.  All rights reserved.
Reading design cpu_16bit_top.ngc ...
WARNING:NetListWriters:298 - No output is written to cpu_16bit_top.xncf,
   ignored.
Processing design ...
   Preping design's networks ...
   Preping design's macros ...
  finished :Prep
Writing EDIF netlist file cpu_16bit_top.edif ...
ngc2edif: Total memory usage is 81448 kilobytes

Release 14.7 - ngc2edif P.20131013 (nt64)
Copyright (c) 1995-2013 Xilinx, Inc.  All rights reserved.
Reading design cpu_16bit_top.ngc ...
WARNING:NetListWriters:298 - No output is written to cpu_16bit_top.xncf,
   ignored.
Processing design ...
   Preping design's networks ...
   Preping design's macros ...
  finished :Prep
Writing EDIF netlist file cpu_16bit_top.edif ...
ngc2edif: Total memory usage is 81448 kilobytes

Release 14.7 - ngc2edif P.20131013 (nt64)
Copyright (c) 1995-2013 Xilinx, Inc.  All rights reserved.
Reading design cpu_16bit_top.ngc ...
WARNING:NetListWriters:298 - No output is written to cpu_16bit_top.xncf,
   ignored.
Processing design ...
   Preping design's networks ...
   Preping design's macros ...
  finished :Prep
Writing EDIF netlist file cpu_16bit_top.edif ...
ngc2edif: Total memory usage is 81832 kilobytes

