
****** PlanAhead v14.2 (64-bit)
  **** Build 194362 by xbuild on Fri Jul 20 18:52:11 MDT 2012
    ** Copyright 1986-1999, 2001-2012 Xilinx, Inc. All Rights Reserved.

INFO: [Common 17-78] Attempting to get a license: PlanAhead
INFO: [Common 17-290] Got license for PlanAhead
INFO: [Device 21-36] Loading parts and site information from C:/Xilinx/14.2/ISE_DS/PlanAhead/data/parts/arch.xml
Parsing RTL primitives file [C:/Xilinx/14.2/ISE_DS/PlanAhead/data/parts/xilinx/rtl/prims/rtl_prims.xml]
Finished parsing RTL primitives file [C:/Xilinx/14.2/ISE_DS/PlanAhead/data/parts/xilinx/rtl/prims/rtl_prims.xml]
start_gui
source C:/Users/lzm/Desktop/CPU_MIPS/pa.fromNetlist.tcl
# create_project -name cpu_mips -dir "C:/Users/lzm/Desktop/CPU_MIPS/planAhead_run_3" -part xc3s1200efg320-5
Parsing template File [C:/Xilinx/14.2/ISE_DS/ISE/data/projnav/templates/verilog.xml].
Finished parsing template File [C:/Xilinx/14.2/ISE_DS/ISE/data/projnav/templates/verilog.xml].
Parsing template File [C:/Xilinx/14.2/ISE_DS/ISE/data/projnav/templates/vhdl.xml].
Finished parsing template File [C:/Xilinx/14.2/ISE_DS/ISE/data/projnav/templates/vhdl.xml].
Parsing template File [C:/Xilinx/14.2/ISE_DS/ISE/data/projnav/templates/ucf.xml].
Finished parsing template File [C:/Xilinx/14.2/ISE_DS/ISE/data/projnav/templates/ucf.xml].
# set_property design_mode GateLvl [get_property srcset [current_run -impl]]
# set_property edif_top_file "C:/Users/lzm/Desktop/CPU_MIPS/cpu_16bit_top.ngc" [ get_property srcset [ current_run ] ]
# add_files -norecurse { {C:/Users/lzm/Desktop/CPU_MIPS} {xst} }
# set_param project.pinAheadLayout  yes
# set_property target_constrs_file "cpu_16bit_top.ucf" [current_fileset -constrset]
Adding file 'C:/Users/lzm/Desktop/CPU_MIPS/cpu_16bit_top.ucf' to fileset 'constrs_1'
# add_files [list {cpu_16bit_top.ucf}] -fileset [get_property constrset [current_run]]
# link_design
Design is defaulting to srcset: sources_1
Design is defaulting to constrset: constrs_1
Design is defaulting to project part: xc3s1200efg320-5
Release 14.2 - ngc2edif P.28xd (nt64)
Copyright (c) 1995-2012 Xilinx, Inc.  All rights reserved.
Reading design cpu_16bit_top.ngc ...
WARNING:NetListWriters:298 - No output is written to cpu_16bit_top.xncf,
   ignored.
Processing design ...
   Preping design's networks ...
   Preping design's macros ...
WARNING:NetListWriters:306 - Signal bus vga/char/sub0000_not0000<6 : 4> on block
   cpu_16bit_top is not reconstructed, because there are some missing bus
   signals.
  finished :Prep
Writing EDIF netlist file cpu_16bit_top.edif ...
ngc2edif: Total memory usage is 88928 kilobytes

Parsing EDIF File [./planAhead_run_3/cpu_mips.data/cache/cpu_16bit_top_ngc_aa6b5d18.edif]
Finished Parsing EDIF File [./planAhead_run_3/cpu_mips.data/cache/cpu_16bit_top_ngc_aa6b5d18.edif]
INFO: [Designutils 20-910] Reading macro library C:/Xilinx/14.2/ISE_DS/PlanAhead/data\./parts/xilinx/spartan3e/spartan3e/hd_int_macros.edn
Parsing EDIF File [C:/Xilinx/14.2/ISE_DS/PlanAhead/data\./parts/xilinx/spartan3e/spartan3e/hd_int_macros.edn]
Finished Parsing EDIF File [C:/Xilinx/14.2/ISE_DS/PlanAhead/data\./parts/xilinx/spartan3e/spartan3e/hd_int_macros.edn]
WARNING: [Netlist 29-43] Netlist 'cpu_16bit_top' is not ideal for floorplanning, since the cellview 'cpu_16bit_top' defined in file 'cpu_16bit_top.ngc' contains large number of primitives.  Please consider enabling hierarchy in synthesis if you want to do floorplanning.
Loading clock regions from C:/Xilinx/14.2/ISE_DS/PlanAhead/data\parts/xilinx/spartan3e/spartan3e/xc3s1200e/ClockRegion.xml
Loading clock buffers from C:/Xilinx/14.2/ISE_DS/PlanAhead/data\parts/xilinx/spartan3e/spartan3e/xc3s1200e/ClockBuffers.xml
Loading package from C:/Xilinx/14.2/ISE_DS/PlanAhead/data\parts/xilinx/spartan3e/spartan3e/xc3s1200e/fg320/Package.xml
Loading io standards from C:/Xilinx/14.2/ISE_DS/PlanAhead/data\./parts/xilinx/spartan3e/IOStandards.xml
INFO: [Device 21-19] Loading pkg sso from C:/Xilinx/14.2/ISE_DS/PlanAhead/data\parts/xilinx/spartan3e/spartan3e/xc3s1200e/fg320/SSORules.xml
Loading list of drcs for the architecture : C:/Xilinx/14.2/ISE_DS/PlanAhead/data\./parts/xilinx/spartan3e/spartan3e/drc.xml
INFO: [Timing 38-77] Reading timing library C:/Xilinx/14.2/ISE_DS/PlanAhead/data\parts/xilinx/spartan3e/spartan3e/spartan3e-5.lib.
INFO: [Timing 38-34] Done reading timing library C:/Xilinx/14.2/ISE_DS/PlanAhead/data\parts/xilinx/spartan3e/spartan3e/spartan3e-5.lib.
Parsing UCF File [C:/Users/lzm/Desktop/CPU_MIPS/cpu_16bit_top.ucf]
Finished Parsing UCF File [C:/Users/lzm/Desktop/CPU_MIPS/cpu_16bit_top.ucf]
INFO: [Project 1-111] Unisim Transformation Summary:
  A total of 4 instances were transformed.
  BUFGP => BUFGP (HD_IBUFG, HD_BUFG): 2 instances
  SRL16 => SRL16 (HD_SRL16, HD_WSGEN): 2 instances

Phase 0 | Netlist Checksum: 6681c5a4
link_design: Time (s): elapsed = 00:00:09 . Memory (MB): peak = 509.949 ; gain = 94.484
startgroup
set_property package_pin D6 [get_ports hs]
endgroup
startgroup
set_property package_pin E6 [get_ports vs]
endgroup
startgroup
set_property package_pin N9 [get_ports tsre]
endgroup
startgroup
set_property package_pin A7 [get_ports {r[0]}]
endgroup
startgroup
set_property package_pin C3 [get_ports {r[1]}]
endgroup
startgroup
set_property package_pin A4 [get_ports {r[2]}]
endgroup
startgroup
set_property package_pin B4 [get_ports {g[0]}]
endgroup
startgroup
set_property package_pin C4 [get_ports {g[1]}]
endgroup
startgroup
set_property package_pin C5 [get_ports {g[2]}]
endgroup
startgroup
set_property package_pin D5 [get_ports {b[0]}]
endgroup
startgroup
set_property package_pin A6 [get_ports {b[1]}]
endgroup
startgroup
set_property package_pin B6 [get_ports {b[2]}]
endgroup
save_design
exit
INFO: [Common 17-206] Exiting PlanAhead...
INFO: [Common 17-83] Releasing license: PlanAhead
